#
# There is insufficient memory for the Java Runtime Environment to continue.
# Native memory allocation (malloc) failed to allocate 1048576 bytes for AllocateHeap
# Possible reasons:
#   The system is out of physical RAM or swap space
#   In 32 bit mode, the process size limit was hit
# Possible solutions:
#   Reduce memory load on the system
#   Increase physical memory or swap space
#   Check if swap backing store is full
#   Use 64 bit Java on a 64 bit OS
#   Decrease Java heap size (-Xmx/-Xms)
#   Decrease number of Java threads
#   Decrease Java thread stack sizes (-Xss)
#   Set larger code cache with -XX:ReservedCodeCacheSize=
# This output file may be truncated or incomplete.
#
#  Out of Memory Error (memory/allocation.inline.hpp:61), pid=14404, tid=0x00000000000013c4
#
# JRE version:  (8.0_112-b06) (build )
# Java VM: OpenJDK 64-Bit Server VM (25.112-b06 mixed mode windows-amd64 compressed oops)
# Failed to write core dump. Minidumps are not enabled by default on client versions of Windows
#

---------------  T H R E A D  ---------------

Current thread (0x0000000002af0800):  JavaThread "Unknown thread" [_thread_in_vm, id=5060, stack(0x00000000029f0000,0x0000000002af0000)]

Stack: [0x00000000029f0000,0x0000000002af0000]
[error occurred during error reporting (printing stack bounds), id 0xc0000005]

Native frames: (J=compiled Java code, j=interpreted, Vv=VM code, C=native code)


---------------  P R O C E S S  ---------------

Java Threads: ( => current thread )

Other Threads:

=>0x0000000002af0800 (exited) JavaThread "Unknown thread" [_thread_in_vm, id=5060, stack(0x00000000029f0000,0x0000000002af0000)]

VM state:not at safepoint (normal execution)

VM Mutex/Monitor currently owned by a thread: None

Heap:
 PSYoungGen      total 76288K, used 1310K [0x00000000eab00000, 0x00000000f0000000, 0x0000000100000000)
  eden space 65536K, 2% used [0x00000000eab00000,0x00000000eac47af0,0x00000000eeb00000)
  from space 10752K, 0% used [0x00000000ef580000,0x00000000ef580000,0x00000000f0000000)
  to   space 10752K, 0% used [0x00000000eeb00000,0x00000000eeb00000,0x00000000ef580000)
 ParOldGen       total 175104K, used 0K [0x00000000c0000000, 0x00000000cab00000, 0x00000000eab00000)
  object space 175104K, 0% used [0x00000000c0000000,0x00000000c0000000,0x00000000cab00000)
 Metaspace       used 772K, capacity 4480K, committed 4480K, reserved 1056768K
  class space    used 73K, capacity 384K, committed 384K, reserved 1048576K

Card table byte_map: [0x0000000011fb0000,0x00000000121c0000] byte_map_base: 0x00000000119b0000

Marking Bits: (ParMarkBitMap*) 0x000000005d4a18f0
 Begin Bits: [0x0000000012b20000, 0x0000000013b20000)
 End Bits:   [0x0000000013b20000, 0x0000000014b20000)

Polling page: 0x0000000002900000

CodeCache: size=245760Kb used=328Kb max_used=328Kb free=245431Kb
 bounds [0x0000000002bf0000, 0x0000000002e60000, 0x0000000011bf0000]
 total_blobs=57 nmethods=0 adapters=38
 compilation: enabled

Compilation events (0 events):
No events

GC Heap History (0 events):
No events

Deoptimization events (0 events):
No events

Internal exceptions (0 events):
No events

Events (10 events):
Event: 0.035 loading class java/lang/Short
Event: 0.035 loading class java/lang/Short done
Event: 0.035 loading class java/lang/Integer
Event: 0.036 loading class java/lang/Integer done
Event: 0.036 loading class java/lang/Long
Event: 0.036 loading class java/lang/Long done
Event: 0.037 loading class java/lang/NullPointerException
Event: 0.037 loading class java/lang/NullPointerException done
Event: 0.037 loading class java/lang/ArithmeticException
Event: 0.037 loading class java/lang/ArithmeticException done


Dynamic libraries:
0x00007ff7a21a0000 - 0x00007ff7a21d1000 	D:\Android\Android Studio\jre\bin\java.exe
0x00007ff8d1860000 - 0x00007ff8d1a3b000 	C:\WINDOWS\SYSTEM32\ntdll.dll
0x00007ff8d1690000 - 0x00007ff8d173e000 	C:\WINDOWS\System32\KERNEL32.DLL
0x00007ff8ce800000 - 0x00007ff8cea49000 	C:\WINDOWS\System32\KERNELBASE.dll
0x00007ff8d1590000 - 0x00007ff8d1631000 	C:\WINDOWS\System32\ADVAPI32.dll
0x00007ff8cf200000 - 0x00007ff8cf29d000 	C:\WINDOWS\System32\msvcrt.dll
0x00007ff8cf820000 - 0x00007ff8cf879000 	C:\WINDOWS\System32\sechost.dll
0x00007ff8d1460000 - 0x00007ff8d1585000 	C:\WINDOWS\System32\RPCRT4.dll
0x00007ff8d1300000 - 0x00007ff8d144a000 	C:\WINDOWS\System32\USER32.dll
0x00007ff8ce460000 - 0x00007ff8ce47e000 	C:\WINDOWS\System32\win32u.dll
0x00007ff8cf7e0000 - 0x00007ff8cf807000 	C:\WINDOWS\System32\GDI32.dll
0x00007ff8cea50000 - 0x00007ff8cebd8000 	C:\WINDOWS\System32\gdi32full.dll
0x00007ff8ce760000 - 0x00007ff8ce7fa000 	C:\WINDOWS\System32\msvcp_win.dll
0x00007ff8cebe0000 - 0x00007ff8cecd6000 	C:\WINDOWS\System32\ucrtbase.dll
0x00007ff8bf500000 - 0x00007ff8bf767000 	C:\WINDOWS\WinSxS\amd64_microsoft.windows.common-controls_6595b64144ccf1df_6.0.15063.0_none_108e4f62dfe5d999\COMCTL32.dll
0x00007ff8cf460000 - 0x00007ff8cf759000 	C:\WINDOWS\System32\combase.dll
0x00007ff8ced30000 - 0x00007ff8ced9a000 	C:\WINDOWS\System32\bcryptPrimitives.dll
0x00007ff8d1660000 - 0x00007ff8d168d000 	C:\WINDOWS\System32\IMM32.DLL
0x000000005cc00000 - 0x000000005ccd2000 	D:\Android\Android Studio\jre\jre\bin\msvcr100.dll
0x000000005cce0000 - 0x000000005d51c000 	D:\Android\Android Studio\jre\jre\bin\server\jvm.dll
0x00007ff8d1450000 - 0x00007ff8d1458000 	C:\WINDOWS\System32\PSAPI.DLL
0x00007ff8c6a80000 - 0x00007ff8c6a89000 	C:\WINDOWS\SYSTEM32\WSOCK32.dll
0x00007ff8c0c40000 - 0x00007ff8c0c63000 	C:\WINDOWS\SYSTEM32\WINMM.dll
0x00007ff8c46a0000 - 0x00007ff8c46aa000 	C:\WINDOWS\SYSTEM32\VERSION.dll
0x00007ff8cfa20000 - 0x00007ff8cfa8c000 	C:\WINDOWS\System32\WS2_32.dll
0x00007ff8c0910000 - 0x00007ff8c093b000 	C:\WINDOWS\SYSTEM32\winmmbase.dll
0x00007ff8cece0000 - 0x00007ff8ced29000 	C:\WINDOWS\System32\cfgmgr32.dll
0x00007ff8c97e0000 - 0x00007ff8c97ef000 	D:\Android\Android Studio\jre\jre\bin\verify.dll
0x00007ff8bbca0000 - 0x00007ff8bbcc9000 	D:\Android\Android Studio\jre\jre\bin\java.dll
0x00007ff8c0aa0000 - 0x00007ff8c0ab6000 	D:\Android\Android Studio\jre\jre\bin\zip.dll

VM Arguments:
jvm_args: -Djava.awt.headless=true -Xmx1024M -Dfile.encoding=windows-1251 -Duser.country=US -Duser.language=en -Duser.variant 
java_command: com.android.dx.command.Main --dex --force-jumbo --num-threads=4 --multi-dex --output C:\Users\Martin\Desktop\ud845-Pets-starting-point\app\build\intermediates\transforms\dex\debug\folders\1000\5\slice_8 C:\Users\Martin\Desktop\ud845-Pets-starting-point\app\build\intermediates\transforms\instantRunSlicer\debug\folders\1\5\slice_8
java_class_path (initial): C:\Users\Martin\AppData\Local\Android\Sdk\build-tools\25.0.0\lib\dx.jar
Launcher Type: SUN_STANDARD

Environment Variables:
PATH=C:\ProgramData\Oracle\Java\javapath;D:\Downloads\Python\;D:\Downloads\Python\Scripts;C:\Program Files (x86)\NVIDIA Corporation\PhysX\Common;C:\Program Files\AuthenTec TrueSuite\;C:\Program Files\AuthenTec TrueSuite\x86;C:\Program Files (x86)\Intel\iCLS Client\;C:\Program Files\Intel\iCLS Client\;C:\WINDOWS\system32;C:\WINDOWS;C:\WINDOWS\System32\Wbem;C:\WINDOWS\System32\WindowsPowerShell\v1.0\;C:\Program Files (x86)\Intel\OpenCL SDK\2.0\bin\x86;C:\Program Files (x86)\Intel\OpenCL SDK\2.0\bin\x64;C:\Program Files\Intel\Intel(R) Management Engine Components\DAL;C:\Program Files\Intel\Intel(R) Management Engine Components\IPT;C:\Program Files (x86)\Intel\Intel(R) Management Engine Components\DAL;C:\Program Files (x86)\Intel\Intel(R) Management Engine Components\IPT;C:\Program Files (x86)\Skype\Phone\;C:\Program Files\Git\cmd;C:\sqlite;C:\Users\Martin\AppData\Local\Microsoft\WindowsApps;D:\GoogleAppEngine\google-cloud-sdk\bin;
USERNAME=Martin
OS=Windows_NT
PROCESSOR_IDENTIFIER=Intel64 Family 6 Model 58 Stepping 9, GenuineIntel



---------------  S Y S T E M  ---------------

OS: Windows 10.0 , 64 bit Build 15063 (10.0.15063.296)

CPU:total 8 (4 cores per cpu, 2 threads per core) family 6 model 58 stepping 9, cmov, cx8, fxsr, mmx, sse, sse2, sse3, ssse3, sse4.1, sse4.2, popcnt, avx, aes, clmul, erms, ht, tsc, tscinvbit, tscinv

Memory: 4k page, physical 16671288k(3277344k free), swap 16671288k(346588k free)

vm_info: OpenJDK 64-Bit Server VM (25.112-b06) for windows-amd64 JRE (1.8.0_112-release-b06), built on Dec  8 2016 00:54:26 by "builder" with MS VC++ 10.0 (VS2010)

time: Fri Jul 07 21:08:18 2017
elapsed time: 0 seconds (0d 0h 0m 0s)

